SF:lib/core/services/notification_service.dart
DA:38,0
DA:39,0
DA:41,0
DA:43,0
DA:49,0
DA:51,0
DA:52,0
DA:53,0
DA:60,0
DA:70,0
DA:71,0
DA:73,0
DA:74,0
DA:75,0
DA:79,0
DA:88,0
DA:91,0
DA:93,0
DA:95,0
DA:96,0
DA:97,0
DA:99,0
DA:110,0
DA:114,0
DA:115,0
DA:117,0
DA:119,0
DA:120,0
DA:121,0
DA:123,0
DA:124,0
DA:125,0
DA:126,0
DA:127,0
DA:128,0
DA:129,0
DA:133,0
DA:138,0
DA:145,0
DA:167,0
DA:183,0
DA:185,0
DA:186,0
DA:190,0
DA:195,0
DA:196,0
DA:197,0
DA:198,0
DA:199,0
DA:203,0
DA:206,0
DA:209,0
DA:211,0
DA:213,0
DA:214,0
DA:218,0
DA:234,0
DA:235,0
DA:236,0
DA:237,0
DA:240,0
LF:61
LH:0
end_of_record
SF:lib/data/models/schedule/schedule_model.dart
DA:27,0
DA:28,0
LF:2
LH:0
end_of_record
SF:lib/data/models/schedule/schedule_model.g.dart
DA:9,0
DA:10,0
DA:11,0
DA:12,0
DA:13,0
DA:14,0
DA:15,0
DA:16,0
DA:19,0
DA:20,0
DA:21,0
DA:22,0
DA:23,0
DA:24,0
DA:25,0
DA:26,0
LF:16
LH:0
end_of_record
SF:lib/data/sources/local/schedule_local_source.dart
DA:40,0
DA:41,0
DA:46,0
DA:48,0
DA:53,0
DA:54,0
DA:55,0
DA:58,0
DA:59,0
DA:70,0
DA:79,0
DA:81,0
DA:82,0
DA:83,0
DA:84,0
DA:87,0
DA:89,0
DA:90,0
DA:94,0
DA:96,0
DA:97,0
DA:99,0
DA:102,0
DA:106,0
DA:108,0
DA:109,0
DA:111,0
DA:113,0
DA:116,0
DA:120,0
DA:122,0
DA:123,0
DA:126,0
DA:128,0
DA:135,0
DA:137,0
DA:138,0
DA:141,0
DA:143,0
DA:146,0
DA:149,0
DA:151,0
DA:154,0
DA:155,0
LF:44
LH:0
end_of_record
SF:lib/data/sources/remote/schedule_remote_source.dart
DA:23,0
DA:30,0
DA:33,0
DA:34,0
DA:35,0
DA:36,0
DA:37,0
DA:38,0
DA:42,0
DA:45,0
LF:10
LH:0
end_of_record
SF:lib/presentation/bloc/create/create_state.dart
DA:8,2
DA:14,0
DA:22,0
DA:27,0
DA:28,0
DA:29,0
DA:30,0
DA:34,0
DA:35,0
LF:9
LH:1
end_of_record
SF:lib/presentation/bloc/create/create_cubit.dart
DA:17,0
DA:21,0
DA:23,0
DA:24,0
DA:25,0
DA:27,0
DA:28,0
DA:30,0
DA:31,0
DA:32,0
DA:35,0
DA:39,0
DA:40,0
DA:43,0
DA:45,0
DA:47,0
DA:48,0
DA:49,0
DA:50,0
DA:51,0
DA:52,0
DA:55,0
DA:56,0
LF:23
LH:0
end_of_record
SF:lib/domain/usecases/analyze_link_usecase.dart
DA:16,0
DA:18,0
DA:20,0
LF:3
LH:0
end_of_record
SF:lib/domain/usecases/save_schedule_usecase.dart
DA:16,0
DA:18,0
DA:20,0
LF:3
LH:0
end_of_record
SF:lib/domain/usecases/get_schedule_by_link_usecase.dart
DA:11,0
DA:13,0
DA:15,0
LF:3
LH:0
end_of_record
SF:lib/core/services/preferences_checker.dart
DA:10,0
DA:17,0
DA:18,0
DA:22,0
DA:23,0
LF:5
LH:0
end_of_record
SF:lib/data/repositories/schedule_repository.dart
DA:24,1
DA:27,1
DA:30,2
DA:31,1
DA:34,1
DA:38,1
DA:40,1
DA:41,2
DA:42,2
DA:45,0
DA:47,0
DA:48,0
DA:52,0
DA:55,0
DA:57,0
DA:63,1
DA:65,1
DA:66,2
DA:67,3
DA:68,2
DA:71,1
DA:73,2
DA:74,2
LF:23
LH:17
end_of_record
SF:lib/data/sources/local/app_preferences_local_source.dart
DA:20,0
DA:21,0
DA:26,0
DA:28,0
DA:32,0
DA:34,0
DA:35,0
DA:39,0
DA:41,0
LF:9
LH:0
end_of_record
SF:lib/domain/usecases/delete_schedule_usecase.dart
DA:10,0
DA:12,0
DA:14,0
LF:3
LH:0
end_of_record
SF:lib/domain/usecases/edit_schedule_usecase.dart
DA:11,0
DA:13,0
DA:15,0
LF:3
LH:0
end_of_record
SF:lib/domain/usecases/watch_all_schedules_usecase.dart
DA:11,0
DA:13,0
DA:14,0
LF:3
LH:0
end_of_record
SF:lib/core/di/di.dart
DA:6,0
DA:8,0
DA:9,0
LF:3
LH:0
end_of_record
SF:lib/core/env.dart
DA:7,0
DA:8,0
DA:10,0
DA:11,0
DA:13,0
DA:14,0
DA:16,0
DA:17,0
DA:19,0
DA:20,0
LF:10
LH:0
end_of_record
SF:lib/core/navigation/app_navigation.dart
DA:3,0
LF:1
LH:0
end_of_record
SF:lib/core/utils/string_extension.dart
DA:13,0
DA:14,0
DA:15,0
DA:16,0
LF:4
LH:0
end_of_record
SF:lib/data/mapper/schedule_mapper.dart
DA:7,1
DA:8,1
DA:9,1
DA:10,1
DA:11,1
DA:12,1
DA:13,2
DA:14,1
DA:19,1
DA:20,1
DA:21,1
DA:22,1
DA:23,1
DA:24,1
DA:25,2
DA:26,1
LF:16
LH:16
end_of_record
